2026-06-27 19:07:16,054 [Worker-4: Loading available Gradle versions] INFO  o.e.b.c.i.u.g.PublishedGradleVersions - Gradle version information cache is not available. Remote download required.
2026-06-28 08:00:53,393 [Worker-4: Loading available Gradle versions] INFO  o.e.b.c.i.u.g.PublishedGradleVersions - Gradle version information cache is up-to-date. Trying to read.
2026-06-29 15:42:55,971 [Worker-0: Loading available Gradle versions] INFO  o.e.b.c.i.u.g.PublishedGradleVersions - Gradle version information cache is out-of-date. Trying to update.
2026-06-29 17:59:27,840 [ModalContext] INFO  o.e.m.c.i.e.AbstractTransferListenerAdapter - Downloading https://repo.maven.apache.org/maven2/org/apache/maven/archetypes/maven-archetype-quickstart/1.5/maven-archetype-quickstart-1.5.pom
2026-06-29 17:59:28,038 [ModalContext] INFO  o.e.m.c.i.e.AbstractTransferListenerAdapter - Downloaded https://repo.maven.apache.org/maven2/org/apache/maven/archetypes/maven-archetype-quickstart/1.5/maven-archetype-quickstart-1.5.pom
2026-06-29 17:59:28,288 [ModalContext] INFO  o.e.m.c.i.e.AbstractTransferListenerAdapter - Downloading https://repo.maven.apache.org/maven2/org/apache/maven/archetypes/maven-archetype-bundles/1.5/maven-archetype-bundles-1.5.pom
2026-06-29 17:59:28,406 [ModalContext] INFO  o.e.m.c.i.e.AbstractTransferListenerAdapter - Downloaded https://repo.maven.apache.org/maven2/org/apache/maven/archetypes/maven-archetype-bundles/1.5/maven-archetype-bundles-1.5.pom
2026-06-29 17:59:28,497 [ModalContext] INFO  o.e.m.c.i.e.AbstractTransferListenerAdapter - Downloading https://repo.maven.apache.org/maven2/org/apache/maven/maven-parent/43/maven-parent-43.pom
2026-06-29 17:59:28,637 [ModalContext] INFO  o.e.m.c.i.e.AbstractTransferListenerAdapter - Downloaded https://repo.maven.apache.org/maven2/org/apache/maven/maven-parent/43/maven-parent-43.pom
2026-06-29 17:59:29,311 [ModalContext] INFO  o.e.m.c.i.e.AbstractTransferListenerAdapter - Downloading https://repo.maven.apache.org/maven2/org/apache/maven/archetypes/maven-archetype-quickstart/1.5/maven-archetype-quickstart-1.5.jar
2026-06-29 17:59:30,926 [ModalContext] INFO  o.e.m.c.i.e.AbstractTransferListenerAdapter - Downloaded https://repo.maven.apache.org/maven2/org/apache/maven/archetypes/maven-archetype-quickstart/1.5/maven-archetype-quickstart-1.5.jar
2026-06-29 18:00:54,056 [Worker-68: Launching mavenrun-a214d1df-61c1-4635-8bcb-a8a44989b367] INFO  o.eclipse.m2e.core.internal.Bundles - getClasspathEntries(Bundle=org.eclipse.m2e.maven.runtime_3.9.1101.20251020-1549 [670])
2026-06-29 18:00:54,067 [Worker-68: Launching mavenrun-a214d1df-61c1-4635-8bcb-a8a44989b367] INFO  o.eclipse.m2e.core.internal.Bundles - 	Entry: D:\KomalNarawade\Tools\eclipse-jee-2025-12-R-win32-x86_64\eclipse\plugins\org.eclipse.m2e.maven.runtime_3.9.1101.20251020-1549
2026-06-29 18:00:54,068 [Worker-68: Launching mavenrun-a214d1df-61c1-4635-8bcb-a8a44989b367] INFO  o.eclipse.m2e.core.internal.Bundles - 	Entry: D:\KomalNarawade\Tools\eclipse-jee-2025-12-R-win32-x86_64\eclipse\plugins\org.eclipse.m2e.maven.runtime_3.9.1101.20251020-1549\jars\aopalliance-1.0.jar
2026-06-29 18:00:54,069 [Worker-68: Launching mavenrun-a214d1df-61c1-4635-8bcb-a8a44989b367] INFO  o.eclipse.m2e.core.internal.Bundles - 	Entry: D:\KomalNarawade\Tools\eclipse-jee-2025-12-R-win32-x86_64\eclipse\plugins\org.eclipse.m2e.maven.runtime_3.9.1101.20251020-1549\jars\asm-9.8.jar
2026-06-29 18:00:54,070 [Worker-68: Launching mavenrun-a214d1df-61c1-4635-8bcb-a8a44989b367] INFO  o.eclipse.m2e.core.internal.Bundles - 	Entry: D:\KomalNarawade\Tools\eclipse-jee-2025-12-R-win32-x86_64\eclipse\plugins\org.eclipse.m2e.maven.runtime_3.9.1101.20251020-1549\jars\error_prone_annotations-2.38.0.jar
2026-06-29 18:00:54,072 [Worker-68: Launching mavenrun-a214d1df-61c1-4635-8bcb-a8a44989b367] INFO  o.eclipse.m2e.core.internal.Bundles - 	Entry: D:\KomalNarawade\Tools\eclipse-jee-2025-12-R-win32-x86_64\eclipse\plugins\org.eclipse.m2e.maven.runtime_3.9.1101.20251020-1549\jars\gson-2.13.1.jar
2026-06-29 18:00:54,074 [Worker-68: Launching mavenrun-a214d1df-61c1-4635-8bcb-a8a44989b367] INFO  o.eclipse.m2e.core.internal.Bundles - 	Entry: D:\KomalNarawade\Tools\eclipse-jee-2025-12-R-win32-x86_64\eclipse\plugins\org.eclipse.m2e.maven.runtime_3.9.1101.20251020-1549\jars\guice-5.1.0-classes.jar
2026-06-29 18:00:54,075 [Worker-68: Launching mavenrun-a214d1df-61c1-4635-8bcb-a8a44989b367] INFO  o.eclipse.m2e.core.internal.Bundles - 	Entry: D:\KomalNarawade\Tools\eclipse-jee-2025-12-R-win32-x86_64\eclipse\plugins\org.eclipse.m2e.maven.runtime_3.9.1101.20251020-1549\jars\httpclient-4.5.14.jar
2026-06-29 18:00:54,076 [Worker-68: Launching mavenrun-a214d1df-61c1-4635-8bcb-a8a44989b367] INFO  o.eclipse.m2e.core.internal.Bundles - 	Entry: D:\KomalNarawade\Tools\eclipse-jee-2025-12-R-win32-x86_64\eclipse\plugins\org.eclipse.m2e.maven.runtime_3.9.1101.20251020-1549\jars\httpcore-4.4.16.jar
2026-06-29 18:00:54,077 [Worker-68: Launching mavenrun-a214d1df-61c1-4635-8bcb-a8a44989b367] INFO  o.eclipse.m2e.core.internal.Bundles - 	Entry: D:\KomalNarawade\Tools\eclipse-jee-2025-12-R-win32-x86_64\eclipse\plugins\org.eclipse.m2e.maven.runtime_3.9.1101.20251020-1549\jars\jansi-2.4.2.jar
2026-06-29 18:00:54,078 [Worker-68: Launching mavenrun-a214d1df-61c1-4635-8bcb-a8a44989b367] INFO  o.eclipse.m2e.core.internal.Bundles - 	Entry: D:\KomalNarawade\Tools\eclipse-jee-2025-12-R-win32-x86_64\eclipse\plugins\org.eclipse.m2e.maven.runtime_3.9.1101.20251020-1549\jars\jcl-over-slf4j-1.7.36.jar
2026-06-29 18:00:54,079 [Worker-68: Launching mavenrun-a214d1df-61c1-4635-8bcb-a8a44989b367] INFO  o.eclipse.m2e.core.internal.Bundles - 	Entry: D:\KomalNarawade\Tools\eclipse-jee-2025-12-R-win32-x86_64\eclipse\plugins\org.eclipse.m2e.maven.runtime_3.9.1101.20251020-1549\jars\maven-artifact-3.9.11.jar
2026-06-29 18:00:54,080 [Worker-68: Launching mavenrun-a214d1df-61c1-4635-8bcb-a8a44989b367] INFO  o.eclipse.m2e.core.internal.Bundles - 	Entry: D:\KomalNarawade\Tools\eclipse-jee-2025-12-R-win32-x86_64\eclipse\plugins\org.eclipse.m2e.maven.runtime_3.9.1101.20251020-1549\jars\maven-builder-support-3.9.11.jar
2026-06-29 18:00:54,080 [Worker-68: Launching mavenrun-a214d1df-61c1-4635-8bcb-a8a44989b367] INFO  o.eclipse.m2e.core.internal.Bundles - 	Entry: D:\KomalNarawade\Tools\eclipse-jee-2025-12-R-win32-x86_64\eclipse\plugins\org.eclipse.m2e.maven.runtime_3.9.1101.20251020-1549\jars\maven-compat-3.9.11.jar
2026-06-29 18:00:54,097 [Worker-68: Launching mavenrun-a214d1df-61c1-4635-8bcb-a8a44989b367] INFO  o.eclipse.m2e.core.internal.Bundles - 	Entry: D:\KomalNarawade\Tools\eclipse-jee-2025-12-R-win32-x86_64\eclipse\plugins\org.eclipse.m2e.maven.runtime_3.9.1101.20251020-1549\jars\maven-core-3.9.11.jar
2026-06-29 18:00:54,098 [Worker-68: Launching mavenrun-a214d1df-61c1-4635-8bcb-a8a44989b367] INFO  o.eclipse.m2e.core.internal.Bundles - 	Entry: D:\KomalNarawade\Tools\eclipse-jee-2025-12-R-win32-x86_64\eclipse\plugins\org.eclipse.m2e.maven.runtime_3.9.1101.20251020-1549\jars\maven-embedder-3.9.11.jar
2026-06-29 18:00:54,099 [Worker-68: Launching mavenrun-a214d1df-61c1-4635-8bcb-a8a44989b367] INFO  o.eclipse.m2e.core.internal.Bundles - 	Entry: D:\KomalNarawade\Tools\eclipse-jee-2025-12-R-win32-x86_64\eclipse\plugins\org.eclipse.m2e.maven.runtime_3.9.1101.20251020-1549\jars\maven-model-3.9.11.jar
2026-06-29 18:00:54,100 [Worker-68: Launching mavenrun-a214d1df-61c1-4635-8bcb-a8a44989b367] INFO  o.eclipse.m2e.core.internal.Bundles - 	Entry: D:\KomalNarawade\Tools\eclipse-jee-2025-12-R-win32-x86_64\eclipse\plugins\org.eclipse.m2e.maven.runtime_3.9.1101.20251020-1549\jars\maven-model-builder-3.9.11.jar
2026-06-29 18:00:54,100 [Worker-68: Launching mavenrun-a214d1df-61c1-4635-8bcb-a8a44989b367] INFO  o.eclipse.m2e.core.internal.Bundles - 	Entry: D:\KomalNarawade\Tools\eclipse-jee-2025-12-R-win32-x86_64\eclipse\plugins\org.eclipse.m2e.maven.runtime_3.9.1101.20251020-1549\jars\maven-plugin-api-3.9.11.jar
2026-06-29 18:00:54,100 [Worker-68: Launching mavenrun-a214d1df-61c1-4635-8bcb-a8a44989b367] INFO  o.eclipse.m2e.core.internal.Bundles - 	Entry: D:\KomalNarawade\Tools\eclipse-jee-2025-12-R-win32-x86_64\eclipse\plugins\org.eclipse.m2e.maven.runtime_3.9.1101.20251020-1549\jars\maven-repository-metadata-3.9.11.jar
2026-06-29 18:00:54,101 [Worker-68: Launching mavenrun-a214d1df-61c1-4635-8bcb-a8a44989b367] INFO  o.eclipse.m2e.core.internal.Bundles - 	Entry: D:\KomalNarawade\Tools\eclipse-jee-2025-12-R-win32-x86_64\eclipse\plugins\org.eclipse.m2e.maven.runtime_3.9.1101.20251020-1549\jars\maven-resolver-api-1.9.24.jar
2026-06-29 18:00:54,101 [Worker-68: Launching mavenrun-a214d1df-61c1-4635-8bcb-a8a44989b367] INFO  o.eclipse.m2e.core.internal.Bundles - 	Entry: D:\KomalNarawade\Tools\eclipse-jee-2025-12-R-win32-x86_64\eclipse\plugins\org.eclipse.m2e.maven.runtime_3.9.1101.20251020-1549\jars\maven-resolver-connector-basic-1.9.24.jar
2026-06-29 18:00:54,102 [Worker-68: Launching mavenrun-a214d1df-61c1-4635-8bcb-a8a44989b367] INFO  o.eclipse.m2e.core.internal.Bundles - 	Entry: D:\KomalNarawade\Tools\eclipse-jee-2025-12-R-win32-x86_64\eclipse\plugins\org.eclipse.m2e.maven.runtime_3.9.1101.20251020-1549\jars\maven-resolver-impl-1.9.24.jar
2026-06-29 18:00:54,102 [Worker-68: Launching mavenrun-a214d1df-61c1-4635-8bcb-a8a44989b367] INFO  o.eclipse.m2e.core.internal.Bundles - 	Entry: D:\KomalNarawade\Tools\eclipse-jee-2025-12-R-win32-x86_64\eclipse\plugins\org.eclipse.m2e.maven.runtime_3.9.1101.20251020-1549\jars\maven-resolver-named-locks-1.9.24.jar
2026-06-29 18:00:54,102 [Worker-68: Launching mavenrun-a214d1df-61c1-4635-8bcb-a8a44989b367] INFO  o.eclipse.m2e.core.internal.Bundles - 	Entry: D:\KomalNarawade\Tools\eclipse-jee-2025-12-R-win32-x86_64\eclipse\plugins\org.eclipse.m2e.maven.runtime_3.9.1101.20251020-1549\jars\maven-resolver-provider-3.9.11.jar
2026-06-29 18:00:54,102 [Worker-68: Launching mavenrun-a214d1df-61c1-4635-8bcb-a8a44989b367] INFO  o.eclipse.m2e.core.internal.Bundles - 	Entry: D:\KomalNarawade\Tools\eclipse-jee-2025-12-R-win32-x86_64\eclipse\plugins\org.eclipse.m2e.maven.runtime_3.9.1101.20251020-1549\jars\maven-resolver-spi-1.9.24.jar
2026-06-29 18:00:54,102 [Worker-68: Launching mavenrun-a214d1df-61c1-4635-8bcb-a8a44989b367] INFO  o.eclipse.m2e.core.internal.Bundles - 	Entry: D:\KomalNarawade\Tools\eclipse-jee-2025-12-R-win32-x86_64\eclipse\plugins\org.eclipse.m2e.maven.runtime_3.9.1101.20251020-1549\jars\maven-resolver-transport-file-1.9.24.jar
2026-06-29 18:00:54,102 [Worker-68: Launching mavenrun-a214d1df-61c1-4635-8bcb-a8a44989b367] INFO  o.eclipse.m2e.core.internal.Bundles - 	Entry: D:\KomalNarawade\Tools\eclipse-jee-2025-12-R-win32-x86_64\eclipse\plugins\org.eclipse.m2e.maven.runtime_3.9.1101.20251020-1549\jars\maven-resolver-transport-http-1.9.24.jar
2026-06-29 18:00:54,102 [Worker-68: Launching mavenrun-a214d1df-61c1-4635-8bcb-a8a44989b367] INFO  o.eclipse.m2e.core.internal.Bundles - 	Entry: D:\KomalNarawade\Tools\eclipse-jee-2025-12-R-win32-x86_64\eclipse\plugins\org.eclipse.m2e.maven.runtime_3.9.1101.20251020-1549\jars\maven-resolver-transport-wagon-1.9.24.jar
2026-06-29 18:00:54,102 [Worker-68: Launching mavenrun-a214d1df-61c1-4635-8bcb-a8a44989b367] INFO  o.eclipse.m2e.core.internal.Bundles - 	Entry: D:\KomalNarawade\Tools\eclipse-jee-2025-12-R-win32-x86_64\eclipse\plugins\org.eclipse.m2e.maven.runtime_3.9.1101.20251020-1549\jars\maven-resolver-util-1.9.24.jar
2026-06-29 18:00:54,102 [Worker-68: Launching mavenrun-a214d1df-61c1-4635-8bcb-a8a44989b367] INFO  o.eclipse.m2e.core.internal.Bundles - 	Entry: D:\KomalNarawade\Tools\eclipse-jee-2025-12-R-win32-x86_64\eclipse\plugins\org.eclipse.m2e.maven.runtime_3.9.1101.20251020-1549\jars\maven-settings-3.9.11.jar
2026-06-29 18:00:54,102 [Worker-68: Launching mavenrun-a214d1df-61c1-4635-8bcb-a8a44989b367] INFO  o.eclipse.m2e.core.internal.Bundles - 	Entry: D:\KomalNarawade\Tools\eclipse-jee-2025-12-R-win32-x86_64\eclipse\plugins\org.eclipse.m2e.maven.runtime_3.9.1101.20251020-1549\jars\maven-settings-builder-3.9.11.jar
2026-06-29 18:00:54,103 [Worker-68: Launching mavenrun-a214d1df-61c1-4635-8bcb-a8a44989b367] INFO  o.eclipse.m2e.core.internal.Bundles - 	Entry: D:\KomalNarawade\Tools\eclipse-jee-2025-12-R-win32-x86_64\eclipse\plugins\org.eclipse.m2e.maven.runtime_3.9.1101.20251020-1549\jars\maven-shared-utils-3.4.2.jar
2026-06-29 18:00:54,103 [Worker-68: Launching mavenrun-a214d1df-61c1-4635-8bcb-a8a44989b367] INFO  o.eclipse.m2e.core.internal.Bundles - 	Entry: D:\KomalNarawade\Tools\eclipse-jee-2025-12-R-win32-x86_64\eclipse\plugins\org.eclipse.m2e.maven.runtime_3.9.1101.20251020-1549\jars\org.eclipse.sisu.inject-0.9.0.M4.jar
2026-06-29 18:00:54,103 [Worker-68: Launching mavenrun-a214d1df-61c1-4635-8bcb-a8a44989b367] INFO  o.eclipse.m2e.core.internal.Bundles - 	Entry: D:\KomalNarawade\Tools\eclipse-jee-2025-12-R-win32-x86_64\eclipse\plugins\org.eclipse.m2e.maven.runtime_3.9.1101.20251020-1549\jars\org.eclipse.sisu.plexus-0.9.0.M4.jar
2026-06-29 18:00:54,103 [Worker-68: Launching mavenrun-a214d1df-61c1-4635-8bcb-a8a44989b367] INFO  o.eclipse.m2e.core.internal.Bundles - 	Entry: D:\KomalNarawade\Tools\eclipse-jee-2025-12-R-win32-x86_64\eclipse\plugins\org.eclipse.m2e.maven.runtime_3.9.1101.20251020-1549\jars\plexus-build-api-0.0.7.jar
2026-06-29 18:00:54,103 [Worker-68: Launching mavenrun-a214d1df-61c1-4635-8bcb-a8a44989b367] INFO  o.eclipse.m2e.core.internal.Bundles - 	Entry: D:\KomalNarawade\Tools\eclipse-jee-2025-12-R-win32-x86_64\eclipse\plugins\org.eclipse.m2e.maven.runtime_3.9.1101.20251020-1549\jars\plexus-build-api-1.2.0.jar
2026-06-29 18:00:54,104 [Worker-68: Launching mavenrun-a214d1df-61c1-4635-8bcb-a8a44989b367] INFO  o.eclipse.m2e.core.internal.Bundles - 	Entry: D:\KomalNarawade\Tools\eclipse-jee-2025-12-R-win32-x86_64\eclipse\plugins\org.eclipse.m2e.maven.runtime_3.9.1101.20251020-1549\jars\plexus-cipher-2.0.jar
2026-06-29 18:00:54,104 [Worker-68: Launching mavenrun-a214d1df-61c1-4635-8bcb-a8a44989b367] INFO  o.eclipse.m2e.core.internal.Bundles - 	Entry: D:\KomalNarawade\Tools\eclipse-jee-2025-12-R-win32-x86_64\eclipse\plugins\org.eclipse.m2e.maven.runtime_3.9.1101.20251020-1549\jars\plexus-classworlds-2.9.0.jar
2026-06-29 18:00:54,105 [Worker-68: Launching mavenrun-a214d1df-61c1-4635-8bcb-a8a44989b367] INFO  o.eclipse.m2e.core.internal.Bundles - 	Entry: D:\KomalNarawade\Tools\eclipse-jee-2025-12-R-win32-x86_64\eclipse\plugins\org.eclipse.m2e.maven.runtime_3.9.1101.20251020-1549\jars\plexus-component-annotations-2.2.0.jar
2026-06-29 18:00:54,105 [Worker-68: Launching mavenrun-a214d1df-61c1-4635-8bcb-a8a44989b367] INFO  o.eclipse.m2e.core.internal.Bundles - 	Entry: D:\KomalNarawade\Tools\eclipse-jee-2025-12-R-win32-x86_64\eclipse\plugins\org.eclipse.m2e.maven.runtime_3.9.1101.20251020-1549\jars\plexus-interpolation-1.28.jar
2026-06-29 18:00:54,105 [Worker-68: Launching mavenrun-a214d1df-61c1-4635-8bcb-a8a44989b367] INFO  o.eclipse.m2e.core.internal.Bundles - 	Entry: D:\KomalNarawade\Tools\eclipse-jee-2025-12-R-win32-x86_64\eclipse\plugins\org.eclipse.m2e.maven.runtime_3.9.1101.20251020-1549\jars\plexus-sec-dispatcher-2.0.jar
2026-06-29 18:00:54,105 [Worker-68: Launching mavenrun-a214d1df-61c1-4635-8bcb-a8a44989b367] INFO  o.eclipse.m2e.core.internal.Bundles - 	Entry: D:\KomalNarawade\Tools\eclipse-jee-2025-12-R-win32-x86_64\eclipse\plugins\org.eclipse.m2e.maven.runtime_3.9.1101.20251020-1549\jars\plexus-utils-3.6.0.jar
2026-06-29 18:00:54,105 [Worker-68: Launching mavenrun-a214d1df-61c1-4635-8bcb-a8a44989b367] INFO  o.eclipse.m2e.core.internal.Bundles - 	Entry: D:\KomalNarawade\Tools\eclipse-jee-2025-12-R-win32-x86_64\eclipse\plugins\org.eclipse.m2e.maven.runtime_3.9.1101.20251020-1549\jars\wagon-file-3.5.3.jar
2026-06-29 18:00:54,106 [Worker-68: Launching mavenrun-a214d1df-61c1-4635-8bcb-a8a44989b367] INFO  o.eclipse.m2e.core.internal.Bundles - 	Entry: D:\KomalNarawade\Tools\eclipse-jee-2025-12-R-win32-x86_64\eclipse\plugins\org.eclipse.m2e.maven.runtime_3.9.1101.20251020-1549\jars\wagon-http-3.5.3.jar
2026-06-29 18:00:54,107 [Worker-68: Launching mavenrun-a214d1df-61c1-4635-8bcb-a8a44989b367] INFO  o.eclipse.m2e.core.internal.Bundles - 	Entry: D:\KomalNarawade\Tools\eclipse-jee-2025-12-R-win32-x86_64\eclipse\plugins\org.eclipse.m2e.maven.runtime_3.9.1101.20251020-1549\jars\wagon-http-shared-3.5.3.jar
2026-06-29 18:00:54,107 [Worker-68: Launching mavenrun-a214d1df-61c1-4635-8bcb-a8a44989b367] INFO  o.eclipse.m2e.core.internal.Bundles - 	Entry: D:\KomalNarawade\Tools\eclipse-jee-2025-12-R-win32-x86_64\eclipse\plugins\org.eclipse.m2e.maven.runtime_3.9.1101.20251020-1549\jars\wagon-provider-api-3.5.3.jar
2026-06-29 18:00:54,108 [Worker-68: Launching mavenrun-a214d1df-61c1-4635-8bcb-a8a44989b367] INFO  o.eclipse.m2e.core.internal.Bundles - getClasspathEntries(Bundle=com.google.guava_33.5.0.jre [31])
2026-06-29 18:00:54,110 [Worker-68: Launching mavenrun-a214d1df-61c1-4635-8bcb-a8a44989b367] INFO  o.eclipse.m2e.core.internal.Bundles - 	Entry: D:\KomalNarawade\Tools\eclipse-jee-2025-12-R-win32-x86_64\eclipse\plugins\com.google.guava_33.5.0.jre.jar
2026-06-29 18:00:54,110 [Worker-68: Launching mavenrun-a214d1df-61c1-4635-8bcb-a8a44989b367] INFO  o.eclipse.m2e.core.internal.Bundles - getClasspathEntries(Bundle=slf4j.api_2.0.17 [1075])
2026-06-29 18:00:54,110 [Worker-68: Launching mavenrun-a214d1df-61c1-4635-8bcb-a8a44989b367] INFO  o.eclipse.m2e.core.internal.Bundles - 	Entry: D:\KomalNarawade\Tools\eclipse-jee-2025-12-R-win32-x86_64\eclipse\plugins\slf4j.api_2.0.17.jar
2026-06-29 18:00:54,110 [Worker-68: Launching mavenrun-a214d1df-61c1-4635-8bcb-a8a44989b367] INFO  o.eclipse.m2e.core.internal.Bundles - getClasspathEntries(Bundle=jakarta.inject.jakarta.inject-api_1.0.5 [49])
2026-06-29 18:00:54,111 [Worker-68: Launching mavenrun-a214d1df-61c1-4635-8bcb-a8a44989b367] INFO  o.eclipse.m2e.core.internal.Bundles - 	Entry: D:\KomalNarawade\Tools\eclipse-jee-2025-12-R-win32-x86_64\eclipse\plugins\jakarta.inject.jakarta.inject-api_1.0.5.jar
2026-06-29 18:00:54,111 [Worker-68: Launching mavenrun-a214d1df-61c1-4635-8bcb-a8a44989b367] INFO  o.eclipse.m2e.core.internal.Bundles - getClasspathEntries(Bundle=jakarta.annotation-api_1.3.5 [45])
2026-06-29 18:00:54,112 [Worker-68: Launching mavenrun-a214d1df-61c1-4635-8bcb-a8a44989b367] INFO  o.eclipse.m2e.core.internal.Bundles - 	Entry: D:\KomalNarawade\Tools\eclipse-jee-2025-12-R-win32-x86_64\eclipse\plugins\jakarta.annotation-api_1.3.5.jar
2026-06-29 18:00:54,112 [Worker-68: Launching mavenrun-a214d1df-61c1-4635-8bcb-a8a44989b367] INFO  o.eclipse.m2e.core.internal.Bundles - getClasspathEntries(Bundle=org.apache.commons.cli_1.11.0 [101])
2026-06-29 18:00:54,114 [Worker-68: Launching mavenrun-a214d1df-61c1-4635-8bcb-a8a44989b367] INFO  o.eclipse.m2e.core.internal.Bundles - 	Entry: D:\KomalNarawade\Tools\eclipse-jee-2025-12-R-win32-x86_64\eclipse\plugins\org.apache.commons.cli_1.11.0.jar
2026-06-29 18:00:54,114 [Worker-68: Launching mavenrun-a214d1df-61c1-4635-8bcb-a8a44989b367] INFO  o.eclipse.m2e.core.internal.Bundles - getClasspathEntries(Bundle=org.apache.commons.commons-codec_1.21.0 [103])
2026-06-29 18:00:54,114 [Worker-68: Launching mavenrun-a214d1df-61c1-4635-8bcb-a8a44989b367] INFO  o.eclipse.m2e.core.internal.Bundles - 	Entry: D:\KomalNarawade\Tools\eclipse-jee-2025-12-R-win32-x86_64\eclipse\plugins\org.apache.commons.commons-codec_1.21.0.jar
2026-06-29 18:00:54,115 [Worker-68: Launching mavenrun-a214d1df-61c1-4635-8bcb-a8a44989b367] INFO  o.eclipse.m2e.core.internal.Bundles - getClasspathEntries(Bundle=com.google.guava.failureaccess_1.0.3 [32])
2026-06-29 18:00:54,115 [Worker-68: Launching mavenrun-a214d1df-61c1-4635-8bcb-a8a44989b367] INFO  o.eclipse.m2e.core.internal.Bundles - 	Entry: D:\KomalNarawade\Tools\eclipse-jee-2025-12-R-win32-x86_64\eclipse\plugins\com.google.guava.failureaccess_1.0.3.jar
2026-06-29 18:00:54,122 [Worker-68: Launching mavenrun-a214d1df-61c1-4635-8bcb-a8a44989b367] INFO  o.e.m.i.launch.MavenLaunchDelegate - Run build in "D:\Temp\m2e-archetypeGenerator6415187422134181279":
2026-06-29 18:00:54,125 [Worker-68: Launching mavenrun-a214d1df-61c1-4635-8bcb-a8a44989b367] INFO  o.e.m.i.launch.MavenLaunchDelegate -  mvn  -DjavaCompilerVersion=17 -DjunitVersion=5.11.0 -DarchetypeGroupId=org.apache.maven.archetypes -DarchetypeArtifactId=maven-archetype-quickstart -DarchetypeVersion=1.5 -DgroupId=hibernate -DartifactId=hibernateDemo -Dversion=0.0.1-SNAPSHOT -Dpackage=hibernate -DoutputDirectory=D:\JavaPractice -Dstyle.color=always -U archetype:generate
2026-06-29 18:09:23,976 [ModalContext] INFO  o.e.m.c.i.e.AbstractTransferListenerAdapter - Downloading https://repo.maven.apache.org/maven2/com/github/ywchang/maven-archetype-quickstart/1.1/maven-archetype-quickstart-1.1.pom
2026-06-29 18:09:24,114 [ModalContext] INFO  o.e.m.c.i.e.AbstractTransferListenerAdapter - Downloaded https://repo.maven.apache.org/maven2/com/github/ywchang/maven-archetype-quickstart/1.1/maven-archetype-quickstart-1.1.pom
2026-06-29 18:09:24,450 [ModalContext] INFO  o.e.m.c.i.e.AbstractTransferListenerAdapter - Downloading https://repo.maven.apache.org/maven2/com/github/ywchang/maven-archetype-quickstart/1.1/maven-archetype-quickstart-1.1.jar
2026-06-29 18:09:24,643 [ModalContext] INFO  o.e.m.c.i.e.AbstractTransferListenerAdapter - Downloaded https://repo.maven.apache.org/maven2/com/github/ywchang/maven-archetype-quickstart/1.1/maven-archetype-quickstart-1.1.jar
2026-06-29 18:09:49,125 [Worker-75: Launching mavenrun-1226a8e5-601d-405e-8058-340bd4be3757] INFO  o.eclipse.m2e.core.internal.Bundles - getClasspathEntries(Bundle=org.eclipse.m2e.maven.runtime_3.9.1101.20251020-1549 [670])
2026-06-29 18:09:49,127 [Worker-75: Launching mavenrun-1226a8e5-601d-405e-8058-340bd4be3757] INFO  o.eclipse.m2e.core.internal.Bundles - 	Entry: D:\KomalNarawade\Tools\eclipse-jee-2025-12-R-win32-x86_64\eclipse\plugins\org.eclipse.m2e.maven.runtime_3.9.1101.20251020-1549
2026-06-29 18:09:49,128 [Worker-75: Launching mavenrun-1226a8e5-601d-405e-8058-340bd4be3757] INFO  o.eclipse.m2e.core.internal.Bundles - 	Entry: D:\KomalNarawade\Tools\eclipse-jee-2025-12-R-win32-x86_64\eclipse\plugins\org.eclipse.m2e.maven.runtime_3.9.1101.20251020-1549\jars\aopalliance-1.0.jar
2026-06-29 18:09:49,128 [Worker-75: Launching mavenrun-1226a8e5-601d-405e-8058-340bd4be3757] INFO  o.eclipse.m2e.core.internal.Bundles - 	Entry: D:\KomalNarawade\Tools\eclipse-jee-2025-12-R-win32-x86_64\eclipse\plugins\org.eclipse.m2e.maven.runtime_3.9.1101.20251020-1549\jars\asm-9.8.jar
2026-06-29 18:09:49,128 [Worker-75: Launching mavenrun-1226a8e5-601d-405e-8058-340bd4be3757] INFO  o.eclipse.m2e.core.internal.Bundles - 	Entry: D:\KomalNarawade\Tools\eclipse-jee-2025-12-R-win32-x86_64\eclipse\plugins\org.eclipse.m2e.maven.runtime_3.9.1101.20251020-1549\jars\error_prone_annotations-2.38.0.jar
2026-06-29 18:09:49,129 [Worker-75: Launching mavenrun-1226a8e5-601d-405e-8058-340bd4be3757] INFO  o.eclipse.m2e.core.internal.Bundles - 	Entry: D:\KomalNarawade\Tools\eclipse-jee-2025-12-R-win32-x86_64\eclipse\plugins\org.eclipse.m2e.maven.runtime_3.9.1101.20251020-1549\jars\gson-2.13.1.jar
2026-06-29 18:09:49,129 [Worker-75: Launching mavenrun-1226a8e5-601d-405e-8058-340bd4be3757] INFO  o.eclipse.m2e.core.internal.Bundles - 	Entry: D:\KomalNarawade\Tools\eclipse-jee-2025-12-R-win32-x86_64\eclipse\plugins\org.eclipse.m2e.maven.runtime_3.9.1101.20251020-1549\jars\guice-5.1.0-classes.jar
2026-06-29 18:09:49,130 [Worker-75: Launching mavenrun-1226a8e5-601d-405e-8058-340bd4be3757] INFO  o.eclipse.m2e.core.internal.Bundles - 	Entry: D:\KomalNarawade\Tools\eclipse-jee-2025-12-R-win32-x86_64\eclipse\plugins\org.eclipse.m2e.maven.runtime_3.9.1101.20251020-1549\jars\httpclient-4.5.14.jar
2026-06-29 18:09:49,130 [Worker-75: Launching mavenrun-1226a8e5-601d-405e-8058-340bd4be3757] INFO  o.eclipse.m2e.core.internal.Bundles - 	Entry: D:\KomalNarawade\Tools\eclipse-jee-2025-12-R-win32-x86_64\eclipse\plugins\org.eclipse.m2e.maven.runtime_3.9.1101.20251020-1549\jars\httpcore-4.4.16.jar
2026-06-29 18:09:49,130 [Worker-75: Launching mavenrun-1226a8e5-601d-405e-8058-340bd4be3757] INFO  o.eclipse.m2e.core.internal.Bundles - 	Entry: D:\KomalNarawade\Tools\eclipse-jee-2025-12-R-win32-x86_64\eclipse\plugins\org.eclipse.m2e.maven.runtime_3.9.1101.20251020-1549\jars\jansi-2.4.2.jar
2026-06-29 18:09:49,131 [Worker-75: Launching mavenrun-1226a8e5-601d-405e-8058-340bd4be3757] INFO  o.eclipse.m2e.core.internal.Bundles - 	Entry: D:\KomalNarawade\Tools\eclipse-jee-2025-12-R-win32-x86_64\eclipse\plugins\org.eclipse.m2e.maven.runtime_3.9.1101.20251020-1549\jars\jcl-over-slf4j-1.7.36.jar
2026-06-29 18:09:49,131 [Worker-75: Launching mavenrun-1226a8e5-601d-405e-8058-340bd4be3757] INFO  o.eclipse.m2e.core.internal.Bundles - 	Entry: D:\KomalNarawade\Tools\eclipse-jee-2025-12-R-win32-x86_64\eclipse\plugins\org.eclipse.m2e.maven.runtime_3.9.1101.20251020-1549\jars\maven-artifact-3.9.11.jar
2026-06-29 18:09:49,131 [Worker-75: Launching mavenrun-1226a8e5-601d-405e-8058-340bd4be3757] INFO  o.eclipse.m2e.core.internal.Bundles - 	Entry: D:\KomalNarawade\Tools\eclipse-jee-2025-12-R-win32-x86_64\eclipse\plugins\org.eclipse.m2e.maven.runtime_3.9.1101.20251020-1549\jars\maven-builder-support-3.9.11.jar
2026-06-29 18:09:49,132 [Worker-75: Launching mavenrun-1226a8e5-601d-405e-8058-340bd4be3757] INFO  o.eclipse.m2e.core.internal.Bundles - 	Entry: D:\KomalNarawade\Tools\eclipse-jee-2025-12-R-win32-x86_64\eclipse\plugins\org.eclipse.m2e.maven.runtime_3.9.1101.20251020-1549\jars\maven-compat-3.9.11.jar
2026-06-29 18:09:49,132 [Worker-75: Launching mavenrun-1226a8e5-601d-405e-8058-340bd4be3757] INFO  o.eclipse.m2e.core.internal.Bundles - 	Entry: D:\KomalNarawade\Tools\eclipse-jee-2025-12-R-win32-x86_64\eclipse\plugins\org.eclipse.m2e.maven.runtime_3.9.1101.20251020-1549\jars\maven-core-3.9.11.jar
2026-06-29 18:09:49,132 [Worker-75: Launching mavenrun-1226a8e5-601d-405e-8058-340bd4be3757] INFO  o.eclipse.m2e.core.internal.Bundles - 	Entry: D:\KomalNarawade\Tools\eclipse-jee-2025-12-R-win32-x86_64\eclipse\plugins\org.eclipse.m2e.maven.runtime_3.9.1101.20251020-1549\jars\maven-embedder-3.9.11.jar
2026-06-29 18:09:49,133 [Worker-75: Launching mavenrun-1226a8e5-601d-405e-8058-340bd4be3757] INFO  o.eclipse.m2e.core.internal.Bundles - 	Entry: D:\KomalNarawade\Tools\eclipse-jee-2025-12-R-win32-x86_64\eclipse\plugins\org.eclipse.m2e.maven.runtime_3.9.1101.20251020-1549\jars\maven-model-3.9.11.jar
2026-06-29 18:09:49,133 [Worker-75: Launching mavenrun-1226a8e5-601d-405e-8058-340bd4be3757] INFO  o.eclipse.m2e.core.internal.Bundles - 	Entry: D:\KomalNarawade\Tools\eclipse-jee-2025-12-R-win32-x86_64\eclipse\plugins\org.eclipse.m2e.maven.runtime_3.9.1101.20251020-1549\jars\maven-model-builder-3.9.11.jar
2026-06-29 18:09:49,134 [Worker-75: Launching mavenrun-1226a8e5-601d-405e-8058-340bd4be3757] INFO  o.eclipse.m2e.core.internal.Bundles - 	Entry: D:\KomalNarawade\Tools\eclipse-jee-2025-12-R-win32-x86_64\eclipse\plugins\org.eclipse.m2e.maven.runtime_3.9.1101.20251020-1549\jars\maven-plugin-api-3.9.11.jar
2026-06-29 18:09:49,134 [Worker-75: Launching mavenrun-1226a8e5-601d-405e-8058-340bd4be3757] INFO  o.eclipse.m2e.core.internal.Bundles - 	Entry: D:\KomalNarawade\Tools\eclipse-jee-2025-12-R-win32-x86_64\eclipse\plugins\org.eclipse.m2e.maven.runtime_3.9.1101.20251020-1549\jars\maven-repository-metadata-3.9.11.jar
2026-06-29 18:09:49,134 [Worker-75: Launching mavenrun-1226a8e5-601d-405e-8058-340bd4be3757] INFO  o.eclipse.m2e.core.internal.Bundles - 	Entry: D:\KomalNarawade\Tools\eclipse-jee-2025-12-R-win32-x86_64\eclipse\plugins\org.eclipse.m2e.maven.runtime_3.9.1101.20251020-1549\jars\maven-resolver-api-1.9.24.jar
2026-06-29 18:09:49,135 [Worker-75: Launching mavenrun-1226a8e5-601d-405e-8058-340bd4be3757] INFO  o.eclipse.m2e.core.internal.Bundles - 	Entry: D:\KomalNarawade\Tools\eclipse-jee-2025-12-R-win32-x86_64\eclipse\plugins\org.eclipse.m2e.maven.runtime_3.9.1101.20251020-1549\jars\maven-resolver-connector-basic-1.9.24.jar
2026-06-29 18:09:49,135 [Worker-75: Launching mavenrun-1226a8e5-601d-405e-8058-340bd4be3757] INFO  o.eclipse.m2e.core.internal.Bundles - 	Entry: D:\KomalNarawade\Tools\eclipse-jee-2025-12-R-win32-x86_64\eclipse\plugins\org.eclipse.m2e.maven.runtime_3.9.1101.20251020-1549\jars\maven-resolver-impl-1.9.24.jar
2026-06-29 18:09:49,135 [Worker-75: Launching mavenrun-1226a8e5-601d-405e-8058-340bd4be3757] INFO  o.eclipse.m2e.core.internal.Bundles - 	Entry: D:\KomalNarawade\Tools\eclipse-jee-2025-12-R-win32-x86_64\eclipse\plugins\org.eclipse.m2e.maven.runtime_3.9.1101.20251020-1549\jars\maven-resolver-named-locks-1.9.24.jar
2026-06-29 18:09:49,136 [Worker-75: Launching mavenrun-1226a8e5-601d-405e-8058-340bd4be3757] INFO  o.eclipse.m2e.core.internal.Bundles - 	Entry: D:\KomalNarawade\Tools\eclipse-jee-2025-12-R-win32-x86_64\eclipse\plugins\org.eclipse.m2e.maven.runtime_3.9.1101.20251020-1549\jars\maven-resolver-provider-3.9.11.jar
2026-06-29 18:09:49,136 [Worker-75: Launching mavenrun-1226a8e5-601d-405e-8058-340bd4be3757] INFO  o.eclipse.m2e.core.internal.Bundles - 	Entry: D:\KomalNarawade\Tools\eclipse-jee-2025-12-R-win32-x86_64\eclipse\plugins\org.eclipse.m2e.maven.runtime_3.9.1101.20251020-1549\jars\maven-resolver-spi-1.9.24.jar
2026-06-29 18:09:49,136 [Worker-75: Launching mavenrun-1226a8e5-601d-405e-8058-340bd4be3757] INFO  o.eclipse.m2e.core.internal.Bundles - 	Entry: D:\KomalNarawade\Tools\eclipse-jee-2025-12-R-win32-x86_64\eclipse\plugins\org.eclipse.m2e.maven.runtime_3.9.1101.20251020-1549\jars\maven-resolver-transport-file-1.9.24.jar
2026-06-29 18:09:49,137 [Worker-75: Launching mavenrun-1226a8e5-601d-405e-8058-340bd4be3757] INFO  o.eclipse.m2e.core.internal.Bundles - 	Entry: D:\KomalNarawade\Tools\eclipse-jee-2025-12-R-win32-x86_64\eclipse\plugins\org.eclipse.m2e.maven.runtime_3.9.1101.20251020-1549\jars\maven-resolver-transport-http-1.9.24.jar
2026-06-29 18:09:49,137 [Worker-75: Launching mavenrun-1226a8e5-601d-405e-8058-340bd4be3757] INFO  o.eclipse.m2e.core.internal.Bundles - 	Entry: D:\KomalNarawade\Tools\eclipse-jee-2025-12-R-win32-x86_64\eclipse\plugins\org.eclipse.m2e.maven.runtime_3.9.1101.20251020-1549\jars\maven-resolver-transport-wagon-1.9.24.jar
2026-06-29 18:09:49,137 [Worker-75: Launching mavenrun-1226a8e5-601d-405e-8058-340bd4be3757] INFO  o.eclipse.m2e.core.internal.Bundles - 	Entry: D:\KomalNarawade\Tools\eclipse-jee-2025-12-R-win32-x86_64\eclipse\plugins\org.eclipse.m2e.maven.runtime_3.9.1101.20251020-1549\jars\maven-resolver-util-1.9.24.jar
2026-06-29 18:09:49,138 [Worker-75: Launching mavenrun-1226a8e5-601d-405e-8058-340bd4be3757] INFO  o.eclipse.m2e.core.internal.Bundles - 	Entry: D:\KomalNarawade\Tools\eclipse-jee-2025-12-R-win32-x86_64\eclipse\plugins\org.eclipse.m2e.maven.runtime_3.9.1101.20251020-1549\jars\maven-settings-3.9.11.jar
2026-06-29 18:09:49,139 [Worker-75: Launching mavenrun-1226a8e5-601d-405e-8058-340bd4be3757] INFO  o.eclipse.m2e.core.internal.Bundles - 	Entry: D:\KomalNarawade\Tools\eclipse-jee-2025-12-R-win32-x86_64\eclipse\plugins\org.eclipse.m2e.maven.runtime_3.9.1101.20251020-1549\jars\maven-settings-builder-3.9.11.jar
2026-06-29 18:09:49,139 [Worker-75: Launching mavenrun-1226a8e5-601d-405e-8058-340bd4be3757] INFO  o.eclipse.m2e.core.internal.Bundles - 	Entry: D:\KomalNarawade\Tools\eclipse-jee-2025-12-R-win32-x86_64\eclipse\plugins\org.eclipse.m2e.maven.runtime_3.9.1101.20251020-1549\jars\maven-shared-utils-3.4.2.jar
2026-06-29 18:09:49,139 [Worker-75: Launching mavenrun-1226a8e5-601d-405e-8058-340bd4be3757] INFO  o.eclipse.m2e.core.internal.Bundles - 	Entry: D:\KomalNarawade\Tools\eclipse-jee-2025-12-R-win32-x86_64\eclipse\plugins\org.eclipse.m2e.maven.runtime_3.9.1101.20251020-1549\jars\org.eclipse.sisu.inject-0.9.0.M4.jar
2026-06-29 18:09:49,140 [Worker-75: Launching mavenrun-1226a8e5-601d-405e-8058-340bd4be3757] INFO  o.eclipse.m2e.core.internal.Bundles - 	Entry: D:\KomalNarawade\Tools\eclipse-jee-2025-12-R-win32-x86_64\eclipse\plugins\org.eclipse.m2e.maven.runtime_3.9.1101.20251020-1549\jars\org.eclipse.sisu.plexus-0.9.0.M4.jar
2026-06-29 18:09:49,140 [Worker-75: Launching mavenrun-1226a8e5-601d-405e-8058-340bd4be3757] INFO  o.eclipse.m2e.core.internal.Bundles - 	Entry: D:\KomalNarawade\Tools\eclipse-jee-2025-12-R-win32-x86_64\eclipse\plugins\org.eclipse.m2e.maven.runtime_3.9.1101.20251020-1549\jars\plexus-build-api-0.0.7.jar
2026-06-29 18:09:49,140 [Worker-75: Launching mavenrun-1226a8e5-601d-405e-8058-340bd4be3757] INFO  o.eclipse.m2e.core.internal.Bundles - 	Entry: D:\KomalNarawade\Tools\eclipse-jee-2025-12-R-win32-x86_64\eclipse\plugins\org.eclipse.m2e.maven.runtime_3.9.1101.20251020-1549\jars\plexus-build-api-1.2.0.jar
2026-06-29 18:09:49,140 [Worker-75: Launching mavenrun-1226a8e5-601d-405e-8058-340bd4be3757] INFO  o.eclipse.m2e.core.internal.Bundles - 	Entry: D:\KomalNarawade\Tools\eclipse-jee-2025-12-R-win32-x86_64\eclipse\plugins\org.eclipse.m2e.maven.runtime_3.9.1101.20251020-1549\jars\plexus-cipher-2.0.jar
2026-06-29 18:09:49,141 [Worker-75: Launching mavenrun-1226a8e5-601d-405e-8058-340bd4be3757] INFO  o.eclipse.m2e.core.internal.Bundles - 	Entry: D:\KomalNarawade\Tools\eclipse-jee-2025-12-R-win32-x86_64\eclipse\plugins\org.eclipse.m2e.maven.runtime_3.9.1101.20251020-1549\jars\plexus-classworlds-2.9.0.jar
2026-06-29 18:09:49,141 [Worker-75: Launching mavenrun-1226a8e5-601d-405e-8058-340bd4be3757] INFO  o.eclipse.m2e.core.internal.Bundles - 	Entry: D:\KomalNarawade\Tools\eclipse-jee-2025-12-R-win32-x86_64\eclipse\plugins\org.eclipse.m2e.maven.runtime_3.9.1101.20251020-1549\jars\plexus-component-annotations-2.2.0.jar
2026-06-29 18:09:49,142 [Worker-75: Launching mavenrun-1226a8e5-601d-405e-8058-340bd4be3757] INFO  o.eclipse.m2e.core.internal.Bundles - 	Entry: D:\KomalNarawade\Tools\eclipse-jee-2025-12-R-win32-x86_64\eclipse\plugins\org.eclipse.m2e.maven.runtime_3.9.1101.20251020-1549\jars\plexus-interpolation-1.28.jar
2026-06-29 18:09:49,142 [Worker-75: Launching mavenrun-1226a8e5-601d-405e-8058-340bd4be3757] INFO  o.eclipse.m2e.core.internal.Bundles - 	Entry: D:\KomalNarawade\Tools\eclipse-jee-2025-12-R-win32-x86_64\eclipse\plugins\org.eclipse.m2e.maven.runtime_3.9.1101.20251020-1549\jars\plexus-sec-dispatcher-2.0.jar
2026-06-29 18:09:49,143 [Worker-75: Launching mavenrun-1226a8e5-601d-405e-8058-340bd4be3757] INFO  o.eclipse.m2e.core.internal.Bundles - 	Entry: D:\KomalNarawade\Tools\eclipse-jee-2025-12-R-win32-x86_64\eclipse\plugins\org.eclipse.m2e.maven.runtime_3.9.1101.20251020-1549\jars\plexus-utils-3.6.0.jar
2026-06-29 18:09:49,144 [Worker-75: Launching mavenrun-1226a8e5-601d-405e-8058-340bd4be3757] INFO  o.eclipse.m2e.core.internal.Bundles - 	Entry: D:\KomalNarawade\Tools\eclipse-jee-2025-12-R-win32-x86_64\eclipse\plugins\org.eclipse.m2e.maven.runtime_3.9.1101.20251020-1549\jars\wagon-file-3.5.3.jar
2026-06-29 18:09:49,145 [Worker-75: Launching mavenrun-1226a8e5-601d-405e-8058-340bd4be3757] INFO  o.eclipse.m2e.core.internal.Bundles - 	Entry: D:\KomalNarawade\Tools\eclipse-jee-2025-12-R-win32-x86_64\eclipse\plugins\org.eclipse.m2e.maven.runtime_3.9.1101.20251020-1549\jars\wagon-http-3.5.3.jar
2026-06-29 18:09:49,145 [Worker-75: Launching mavenrun-1226a8e5-601d-405e-8058-340bd4be3757] INFO  o.eclipse.m2e.core.internal.Bundles - 	Entry: D:\KomalNarawade\Tools\eclipse-jee-2025-12-R-win32-x86_64\eclipse\plugins\org.eclipse.m2e.maven.runtime_3.9.1101.20251020-1549\jars\wagon-http-shared-3.5.3.jar
2026-06-29 18:09:49,146 [Worker-75: Launching mavenrun-1226a8e5-601d-405e-8058-340bd4be3757] INFO  o.eclipse.m2e.core.internal.Bundles - 	Entry: D:\KomalNarawade\Tools\eclipse-jee-2025-12-R-win32-x86_64\eclipse\plugins\org.eclipse.m2e.maven.runtime_3.9.1101.20251020-1549\jars\wagon-provider-api-3.5.3.jar
2026-06-29 18:09:49,146 [Worker-75: Launching mavenrun-1226a8e5-601d-405e-8058-340bd4be3757] INFO  o.eclipse.m2e.core.internal.Bundles - getClasspathEntries(Bundle=com.google.guava_33.5.0.jre [31])
2026-06-29 18:09:49,147 [Worker-75: Launching mavenrun-1226a8e5-601d-405e-8058-340bd4be3757] INFO  o.eclipse.m2e.core.internal.Bundles - 	Entry: D:\KomalNarawade\Tools\eclipse-jee-2025-12-R-win32-x86_64\eclipse\plugins\com.google.guava_33.5.0.jre.jar
2026-06-29 18:09:49,148 [Worker-75: Launching mavenrun-1226a8e5-601d-405e-8058-340bd4be3757] INFO  o.eclipse.m2e.core.internal.Bundles - getClasspathEntries(Bundle=slf4j.api_2.0.17 [1075])
2026-06-29 18:09:49,149 [Worker-75: Launching mavenrun-1226a8e5-601d-405e-8058-340bd4be3757] INFO  o.eclipse.m2e.core.internal.Bundles - 	Entry: D:\KomalNarawade\Tools\eclipse-jee-2025-12-R-win32-x86_64\eclipse\plugins\slf4j.api_2.0.17.jar
2026-06-29 18:09:49,149 [Worker-75: Launching mavenrun-1226a8e5-601d-405e-8058-340bd4be3757] INFO  o.eclipse.m2e.core.internal.Bundles - getClasspathEntries(Bundle=jakarta.inject.jakarta.inject-api_1.0.5 [49])
2026-06-29 18:09:49,150 [Worker-75: Launching mavenrun-1226a8e5-601d-405e-8058-340bd4be3757] INFO  o.eclipse.m2e.core.internal.Bundles - 	Entry: D:\KomalNarawade\Tools\eclipse-jee-2025-12-R-win32-x86_64\eclipse\plugins\jakarta.inject.jakarta.inject-api_1.0.5.jar
2026-06-29 18:09:49,151 [Worker-75: Launching mavenrun-1226a8e5-601d-405e-8058-340bd4be3757] INFO  o.eclipse.m2e.core.internal.Bundles - getClasspathEntries(Bundle=jakarta.annotation-api_1.3.5 [45])
2026-06-29 18:09:49,151 [Worker-75: Launching mavenrun-1226a8e5-601d-405e-8058-340bd4be3757] INFO  o.eclipse.m2e.core.internal.Bundles - 	Entry: D:\KomalNarawade\Tools\eclipse-jee-2025-12-R-win32-x86_64\eclipse\plugins\jakarta.annotation-api_1.3.5.jar
2026-06-29 18:09:49,152 [Worker-75: Launching mavenrun-1226a8e5-601d-405e-8058-340bd4be3757] INFO  o.eclipse.m2e.core.internal.Bundles - getClasspathEntries(Bundle=org.apache.commons.cli_1.11.0 [101])
2026-06-29 18:09:49,152 [Worker-75: Launching mavenrun-1226a8e5-601d-405e-8058-340bd4be3757] INFO  o.eclipse.m2e.core.internal.Bundles - 	Entry: D:\KomalNarawade\Tools\eclipse-jee-2025-12-R-win32-x86_64\eclipse\plugins\org.apache.commons.cli_1.11.0.jar
2026-06-29 18:09:49,152 [Worker-75: Launching mavenrun-1226a8e5-601d-405e-8058-340bd4be3757] INFO  o.eclipse.m2e.core.internal.Bundles - getClasspathEntries(Bundle=org.apache.commons.commons-codec_1.21.0 [103])
2026-06-29 18:09:49,153 [Worker-75: Launching mavenrun-1226a8e5-601d-405e-8058-340bd4be3757] INFO  o.eclipse.m2e.core.internal.Bundles - 	Entry: D:\KomalNarawade\Tools\eclipse-jee-2025-12-R-win32-x86_64\eclipse\plugins\org.apache.commons.commons-codec_1.21.0.jar
2026-06-29 18:09:49,153 [Worker-75: Launching mavenrun-1226a8e5-601d-405e-8058-340bd4be3757] INFO  o.eclipse.m2e.core.internal.Bundles - getClasspathEntries(Bundle=com.google.guava.failureaccess_1.0.3 [32])
2026-06-29 18:09:49,155 [Worker-75: Launching mavenrun-1226a8e5-601d-405e-8058-340bd4be3757] INFO  o.eclipse.m2e.core.internal.Bundles - 	Entry: D:\KomalNarawade\Tools\eclipse-jee-2025-12-R-win32-x86_64\eclipse\plugins\com.google.guava.failureaccess_1.0.3.jar
2026-06-29 18:09:49,159 [Worker-75: Launching mavenrun-1226a8e5-601d-405e-8058-340bd4be3757] INFO  o.e.m.i.launch.MavenLaunchDelegate - Run build in "D:\Temp\m2e-archetypeGenerator4958260876310309542":
2026-06-29 18:09:49,160 [Worker-75: Launching mavenrun-1226a8e5-601d-405e-8058-340bd4be3757] INFO  o.e.m.i.launch.MavenLaunchDelegate -  mvn  -DarchetypeGroupId=com.github.ywchang -DarchetypeArtifactId=maven-archetype-quickstart -DarchetypeVersion=1.1 -DgroupId=hibernate -DartifactId=hibernateDemo -Dversion=0.0.1-SNAPSHOT -Dpackage=hibernate -DoutputDirectory=D:\JavaPractice -Dstyle.color=always -U archetype:generate
